[2022-11-19 17:32:47] [ INFO ] [OdontologoIDaoH2:23] Se inicio un pedido de incorporacion de odontologo
[2022-11-19 17:32:47] [ ERROR] [OdontologoIDaoH2:50] Table "ODONTOLOGO" not found (this database is empty); SQL statement:
INSERT INTO ODONTOLOGO VALUES (DEFAULT,?,?,?) [42104-214]
[2022-11-19 17:36:03] [ INFO ] [OdontologoIDaoH2:23] Se inicio un pedido de incorporacion de odontologo
[2022-11-19 17:36:03] [ ERROR] [OdontologoIDaoH2:50] Table "ODONTOLOGO" not found (this database is empty); SQL statement:
INSERT INTO ODONTOLOGO VALUES (DEFAULT,?,?,?) [42104-214]
[2022-11-19 17:36:10] [ INFO ] [OdontologoIDaoH2:160] Iniciando la busqueda de todos los odontologos
[2022-11-19 17:36:10] [ ERROR] [OdontologoIDaoH2:175] Table "ODONTOLOGO" not found (this database is empty); SQL statement:
SELECT * FROM ODONTOLOGO [42104-214]
[2022-11-19 17:37:27] [ INFO ] [OdontologoIDaoH2:23] Se inicio un pedido de incorporacion de odontologo
[2022-11-19 17:37:27] [ ERROR] [OdontologoIDaoH2:50] Table "ODONTOLOGO" not found (this database is empty); SQL statement:
INSERT INTO ODONTOLOGO VALUES (DEFAULT,?,?,?) [42104-214]
[2022-11-19 17:40:50] [ INFO ] [OdontologoIDaoH2:23] Se inicio un pedido de incorporacion de odontologo
[2022-11-19 17:40:53] [ INFO ] [OdontologoIDaoH2:160] Iniciando la busqueda de todos los odontologos
[2022-11-19 17:41:00] [ INFO ] [OdontologoIDaoH2:23] Se inicio un pedido de incorporacion de odontologo
[2022-11-19 17:41:00] [ INFO ] [OdontologoIDaoH2:23] Se inicio un pedido de incorporacion de odontologo
[2022-11-19 17:41:01] [ INFO ] [OdontologoIDaoH2:23] Se inicio un pedido de incorporacion de odontologo
[2022-11-19 17:41:02] [ INFO ] [OdontologoIDaoH2:23] Se inicio un pedido de incorporacion de odontologo
[2022-11-19 17:41:02] [ INFO ] [OdontologoIDaoH2:23] Se inicio un pedido de incorporacion de odontologo
[2022-11-19 17:41:04] [ INFO ] [OdontologoIDaoH2:160] Iniciando la busqueda de todos los odontologos
[2022-11-19 17:47:47] [ INFO ] [OdontologoIDaoH2:160] Iniciando la busqueda de todos los odontologos
[2022-11-19 17:49:04] [ INFO ] [OdontologoIDaoH2:23] Se inicio un pedido de incorporacion de odontologo
[2022-11-19 17:49:05] [ INFO ] [OdontologoIDaoH2:23] Se inicio un pedido de incorporacion de odontologo
[2022-11-19 17:49:05] [ INFO ] [OdontologoIDaoH2:23] Se inicio un pedido de incorporacion de odontologo
[2022-11-19 17:49:06] [ INFO ] [OdontologoIDaoH2:23] Se inicio un pedido de incorporacion de odontologo
[2022-11-19 17:49:06] [ INFO ] [OdontologoIDaoH2:23] Se inicio un pedido de incorporacion de odontologo
[2022-11-19 17:49:07] [ INFO ] [OdontologoIDaoH2:23] Se inicio un pedido de incorporacion de odontologo
[2022-11-19 17:49:10] [ INFO ] [OdontologoIDaoH2:160] Iniciando la busqueda de todos los odontologos
[2022-11-19 17:49:27] [ INFO ] [OdontologoIDaoH2:67] Se inicio un pedido de busqueda de odontologo
[2022-11-19 17:49:27] [ INFO ] [OdontologoIDaoH2:101] Se inicio un pedido de update de odontologo
[2022-11-19 17:49:33] [ INFO ] [OdontologoIDaoH2:160] Iniciando la busqueda de todos los odontologos
[2022-11-19 17:52:02] [ INFO ] [OdontologoIDaoH2:23] Se inicio un pedido de incorporacion de odontologo
[2022-11-19 17:52:03] [ INFO ] [OdontologoIDaoH2:23] Se inicio un pedido de incorporacion de odontologo
[2022-11-19 17:52:03] [ INFO ] [OdontologoIDaoH2:23] Se inicio un pedido de incorporacion de odontologo
[2022-11-19 17:52:04] [ INFO ] [OdontologoIDaoH2:23] Se inicio un pedido de incorporacion de odontologo
[2022-11-19 17:52:05] [ INFO ] [OdontologoIDaoH2:23] Se inicio un pedido de incorporacion de odontologo
[2022-11-19 17:52:05] [ INFO ] [OdontologoIDaoH2:23] Se inicio un pedido de incorporacion de odontologo
[2022-11-19 17:52:07] [ INFO ] [OdontologoIDaoH2:160] Iniciando la busqueda de todos los odontologos
[2022-11-19 17:52:11] [ INFO ] [OdontologoIDaoH2:67] Se inicio un pedido de busqueda de odontologo
[2022-11-19 17:52:11] [ INFO ] [OdontologoIDaoH2:101] Se inicio un pedido de update de odontologo
[2022-11-19 17:52:14] [ INFO ] [OdontologoIDaoH2:160] Iniciando la busqueda de todos los odontologos
[2022-11-19 18:00:18] [ INFO ] [OdontologoIDaoH2:23] Se inicio un pedido de incorporacion de odontologo
[2022-11-19 18:00:22] [ INFO ] [OdontologoIDaoH2:23] Se inicio un pedido de incorporacion de odontologo
[2022-11-19 18:00:23] [ INFO ] [OdontologoIDaoH2:23] Se inicio un pedido de incorporacion de odontologo
[2022-11-19 18:00:26] [ INFO ] [OdontologoIDaoH2:160] Iniciando la busqueda de todos los odontologos
[2022-11-19 18:00:31] [ INFO ] [OdontologoIDaoH2:67] Se inicio un pedido de busqueda de odontologo
[2022-11-19 18:00:31] [ INFO ] [OdontologoIDaoH2:101] Se inicio un pedido de update de odontologo
[2022-11-19 18:00:34] [ INFO ] [OdontologoIDaoH2:160] Iniciando la busqueda de todos los odontologos
[2022-11-19 18:00:49] [ INFO ] [OdontologoIDaoH2:67] Se inicio un pedido de busqueda de odontologo
[2022-11-19 18:00:49] [ INFO ] [OdontologoIDaoH2:101] Se inicio un pedido de update de odontologo
[2022-11-19 18:00:52] [ INFO ] [OdontologoIDaoH2:160] Iniciando la busqueda de todos los odontologos
[2022-11-19 18:00:57] [ INFO ] [OdontologoIDaoH2:67] Se inicio un pedido de busqueda de odontologo
[2022-11-19 18:00:57] [ INFO ] [OdontologoIDaoH2:130] Se inicio un pedido de delete de odontologo
[2022-11-19 18:00:57] [ WARN ] [OdontologoIDaoH2:137] Se elimino el odontologo de id 2
[2022-11-19 18:01:04] [ INFO ] [OdontologoIDaoH2:160] Iniciando la busqueda de todos los odontologos
[2022-11-19 18:01:07] [ INFO ] [OdontologoIDaoH2:160] Iniciando la busqueda de todos los odontologos
[2022-11-19 18:02:04] [ INFO ] [OdontologoIDaoH2:160] Iniciando la busqueda de todos los odontologos
[2022-11-19 18:02:06] [ INFO ] [OdontologoIDaoH2:23] Se inicio un pedido de incorporacion de odontologo
[2022-11-19 18:02:07] [ INFO ] [OdontologoIDaoH2:23] Se inicio un pedido de incorporacion de odontologo
[2022-11-19 18:02:07] [ INFO ] [OdontologoIDaoH2:23] Se inicio un pedido de incorporacion de odontologo
[2022-11-19 18:02:09] [ INFO ] [OdontologoIDaoH2:160] Iniciando la busqueda de todos los odontologos
[2022-11-19 18:02:11] [ INFO ] [OdontologoIDaoH2:67] Se inicio un pedido de busqueda de odontologo
[2022-11-19 18:02:11] [ INFO ] [OdontologoIDaoH2:101] Se inicio un pedido de update de odontologo
[2022-11-19 18:02:13] [ INFO ] [OdontologoIDaoH2:160] Iniciando la busqueda de todos los odontologos
[2022-11-19 18:02:15] [ INFO ] [OdontologoIDaoH2:67] Se inicio un pedido de busqueda de odontologo
[2022-11-19 18:02:15] [ INFO ] [OdontologoIDaoH2:130] Se inicio un pedido de delete de odontologo
[2022-11-19 18:02:15] [ WARN ] [OdontologoIDaoH2:137] Se elimino el odontologo de id 2
[2022-11-19 18:02:17] [ INFO ] [OdontologoIDaoH2:160] Iniciando la busqueda de todos los odontologos
[2022-11-19 18:02:21] [ INFO ] [OdontologoIDaoH2:160] Iniciando la busqueda de todos los odontologos
[2022-11-19 18:03:14] [ INFO ] [OdontologoIDaoH2:23] Se inicio un pedido de incorporacion de odontologo
[2022-11-19 18:03:14] [ INFO ] [OdontologoIDaoH2:23] Se inicio un pedido de incorporacion de odontologo
[2022-11-19 18:03:15] [ INFO ] [OdontologoIDaoH2:23] Se inicio un pedido de incorporacion de odontologo
[2022-11-19 18:03:17] [ INFO ] [OdontologoIDaoH2:160] Iniciando la busqueda de todos los odontologos
[2022-11-19 18:03:20] [ INFO ] [OdontologoIDaoH2:67] Se inicio un pedido de busqueda de odontologo
[2022-11-19 18:03:20] [ INFO ] [OdontologoIDaoH2:101] Se inicio un pedido de update de odontologo
[2022-11-19 18:03:22] [ INFO ] [OdontologoIDaoH2:160] Iniciando la busqueda de todos los odontologos
[2022-11-19 18:03:25] [ INFO ] [OdontologoIDaoH2:67] Se inicio un pedido de busqueda de odontologo
[2022-11-19 18:03:25] [ INFO ] [OdontologoIDaoH2:130] Se inicio un pedido de delete de odontologo
[2022-11-19 18:03:25] [ WARN ] [OdontologoIDaoH2:137] Se elimino el odontologo de id 2
[2022-11-19 18:03:27] [ INFO ] [OdontologoIDaoH2:160] Iniciando la busqueda de todos los odontologos
[2022-11-19 18:04:40] [ INFO ] [OdontologoIDaoH2:23] Se inicio un pedido de incorporacion de odontologo
[2022-11-19 18:04:41] [ INFO ] [OdontologoIDaoH2:23] Se inicio un pedido de incorporacion de odontologo
[2022-11-19 18:04:42] [ INFO ] [OdontologoIDaoH2:23] Se inicio un pedido de incorporacion de odontologo
[2022-11-19 18:04:48] [ INFO ] [OdontologoIDaoH2:160] Iniciando la busqueda de todos los odontologos
[2022-11-19 18:04:55] [ INFO ] [OdontologoIDaoH2:67] Se inicio un pedido de busqueda de odontologo
[2022-11-19 18:04:55] [ INFO ] [OdontologoIDaoH2:101] Se inicio un pedido de update de odontologo
[2022-11-19 18:04:56] [ INFO ] [OdontologoIDaoH2:160] Iniciando la busqueda de todos los odontologos
[2022-11-19 18:05:00] [ INFO ] [OdontologoIDaoH2:67] Se inicio un pedido de busqueda de odontologo
[2022-11-19 18:05:00] [ INFO ] [OdontologoIDaoH2:130] Se inicio un pedido de delete de odontologo
[2022-11-19 18:05:00] [ WARN ] [OdontologoIDaoH2:137] Se elimino el odontologo de id 2
[2022-11-19 18:05:02] [ INFO ] [OdontologoIDaoH2:160] Iniciando la busqueda de todos los odontologos
[2022-11-19 18:05:14] [ INFO ] [OdontologoIDaoH2:160] Iniciando la busqueda de todos los odontologos
[2022-11-19 18:06:42] [ INFO ] [OdontologoIDaoH2:23] Se inicio un pedido de incorporacion de odontologo
[2022-11-19 18:06:46] [ INFO ] [OdontologoIDaoH2:23] Se inicio un pedido de incorporacion de odontologo
[2022-11-19 18:06:47] [ INFO ] [OdontologoIDaoH2:23] Se inicio un pedido de incorporacion de odontologo
[2022-11-19 18:06:49] [ INFO ] [OdontologoIDaoH2:160] Iniciando la busqueda de todos los odontologos
[2022-11-19 18:06:52] [ INFO ] [OdontologoIDaoH2:67] Se inicio un pedido de busqueda de odontologo
[2022-11-19 18:06:52] [ INFO ] [OdontologoIDaoH2:101] Se inicio un pedido de update de odontologo
[2022-11-19 18:06:54] [ INFO ] [OdontologoIDaoH2:160] Iniciando la busqueda de todos los odontologos
[2022-11-19 18:06:58] [ INFO ] [OdontologoIDaoH2:67] Se inicio un pedido de busqueda de odontologo
[2022-11-19 18:06:58] [ INFO ] [OdontologoIDaoH2:130] Se inicio un pedido de delete de odontologo
[2022-11-19 18:06:58] [ WARN ] [OdontologoIDaoH2:137] Se elimino el odontologo de id 2
[2022-11-19 18:07:00] [ INFO ] [OdontologoIDaoH2:160] Iniciando la busqueda de todos los odontologos
[2022-11-19 18:07:02] [ INFO ] [OdontologoIDaoH2:67] Se inicio un pedido de busqueda de odontologo
[2022-11-19 18:07:06] [ INFO ] [OdontologoIDaoH2:67] Se inicio un pedido de busqueda de odontologo
[2022-11-19 18:07:12] [ INFO ] [OdontologoIDaoH2:67] Se inicio un pedido de busqueda de odontologo
[2022-11-19 18:07:20] [ INFO ] [OdontologoIDaoH2:67] Se inicio un pedido de busqueda de odontologo
[2022-11-19 18:07:23] [ INFO ] [OdontologoIDaoH2:67] Se inicio un pedido de busqueda de odontologo
[2022-11-19 18:08:01] [ INFO ] [OdontologoIDaoH2:23] Se inicio un pedido de incorporacion de odontologo
[2022-11-19 18:08:02] [ INFO ] [OdontologoIDaoH2:23] Se inicio un pedido de incorporacion de odontologo
[2022-11-19 18:08:02] [ INFO ] [OdontologoIDaoH2:23] Se inicio un pedido de incorporacion de odontologo
[2022-11-19 18:08:05] [ INFO ] [OdontologoIDaoH2:160] Iniciando la busqueda de todos los odontologos
[2022-11-19 18:09:32] [ INFO ] [OdontologoIDaoH2:23] Se inicio un pedido de incorporacion de odontologo
[2022-11-19 18:09:33] [ INFO ] [OdontologoIDaoH2:23] Se inicio un pedido de incorporacion de odontologo
[2022-11-19 18:09:33] [ INFO ] [OdontologoIDaoH2:23] Se inicio un pedido de incorporacion de odontologo
[2022-11-19 18:09:36] [ INFO ] [OdontologoIDaoH2:67] Se inicio un pedido de busqueda de odontologo
[2022-11-19 18:10:19] [ INFO ] [OdontologoIDaoH2:23] Se inicio un pedido de incorporacion de odontologo
[2022-11-19 18:10:24] [ INFO ] [OdontologoIDaoH2:67] Se inicio un pedido de busqueda de odontologo
[2022-11-19 18:18:29] [ INFO ] [PacienteIDaoH2:26] Se inicio un pedido de incorporacion de paciente
[2022-11-19 18:18:29] [ ERROR] [PacienteIDaoH2:59] Table "PACIENTE" not found; SQL statement:
INSERT INTO PACIENTE VALUES (DEFAULT,?,?,?,?,?) [42102-214]
[2022-11-19 18:20:01] [ INFO ] [PacienteIDaoH2:26] Se inicio un pedido de incorporacion de paciente
[2022-11-19 18:20:01] [ ERROR] [PacienteIDaoH2:59] Table "PACIENTE" not found; SQL statement:
INSERT INTO PACIENTE VALUES (DEFAULT,?,?,?,?,?) [42102-214]
[2022-11-19 18:21:16] [ INFO ] [PacienteIDaoH2:26] Se inicio un pedido de incorporacion de paciente
[2022-11-19 18:21:16] [ ERROR] [PacienteIDaoH2:59] Column count does not match; SQL statement:
INSERT INTO PACIENTE VALUES (DEFAULT,?,?,?,?,?) [21002-214]
[2022-11-19 18:23:22] [ INFO ] [PacienteIDaoH2:26] Se inicio un pedido de incorporacion de paciente
[2022-11-19 18:23:22] [ INFO ] [DomicilioIDaoH2:22] Se inicio un pedido de incorporacion de domicilio
[2022-11-19 18:23:26] [ INFO ] [PacienteIDaoH2:26] Se inicio un pedido de incorporacion de paciente
[2022-11-19 18:23:26] [ INFO ] [DomicilioIDaoH2:22] Se inicio un pedido de incorporacion de domicilio
[2022-11-19 18:23:27] [ INFO ] [PacienteIDaoH2:26] Se inicio un pedido de incorporacion de paciente
[2022-11-19 18:23:27] [ INFO ] [DomicilioIDaoH2:22] Se inicio un pedido de incorporacion de domicilio
[2022-11-19 18:23:44] [ INFO ] [PacienteIDaoH2:173] Iniciando la busqueda de todos los pacientes
[2022-11-19 18:23:44] [ INFO ] [DomicilioIDaoH2:68] Se inicio un pedido de busqueda de domicilio
[2022-11-19 18:23:44] [ INFO ] [DomicilioIDaoH2:68] Se inicio un pedido de busqueda de domicilio
[2022-11-19 18:23:44] [ INFO ] [DomicilioIDaoH2:68] Se inicio un pedido de busqueda de domicilio
[2022-11-19 18:23:52] [ INFO ] [PacienteIDaoH2:77] Se inicio un pedido de busqueda de paciente
[2022-11-19 18:23:52] [ INFO ] [DomicilioIDaoH2:68] Se inicio un pedido de busqueda de domicilio
[2022-11-19 18:23:52] [ INFO ] [PacienteIDaoH2:143] Se inicio un pedido de delete de paciente
[2022-11-19 18:23:52] [ WARN ] [PacienteIDaoH2:150] Se elimino el paciente de id 2
[2022-11-19 18:23:54] [ INFO ] [PacienteIDaoH2:173] Iniciando la busqueda de todos los pacientes
[2022-11-19 18:23:54] [ INFO ] [DomicilioIDaoH2:68] Se inicio un pedido de busqueda de domicilio
[2022-11-19 18:23:54] [ INFO ] [DomicilioIDaoH2:68] Se inicio un pedido de busqueda de domicilio
[2022-11-19 18:24:22] [ INFO ] [PacienteIDaoH2:77] Se inicio un pedido de busqueda de paciente
[2022-11-19 18:24:22] [ INFO ] [DomicilioIDaoH2:68] Se inicio un pedido de busqueda de domicilio
[2022-11-19 18:26:49] [ INFO ] [PacienteIDaoH2:26] Se inicio un pedido de incorporacion de paciente
[2022-11-19 18:26:49] [ INFO ] [DomicilioIDaoH2:22] Se inicio un pedido de incorporacion de domicilio
[2022-11-19 18:27:47] [ INFO ] [PacienteIDaoH2:26] Se inicio un pedido de incorporacion de paciente
[2022-11-19 18:27:47] [ INFO ] [DomicilioIDaoH2:22] Se inicio un pedido de incorporacion de domicilio
[2022-11-19 18:27:49] [ INFO ] [PacienteIDaoH2:26] Se inicio un pedido de incorporacion de paciente
[2022-11-19 18:27:49] [ INFO ] [DomicilioIDaoH2:22] Se inicio un pedido de incorporacion de domicilio
[2022-11-19 18:29:41] [ INFO ] [PacienteIDaoH2:26] Se inicio un pedido de incorporacion de paciente
[2022-11-19 18:29:41] [ INFO ] [DomicilioIDaoH2:22] Se inicio un pedido de incorporacion de domicilio
[2022-11-19 18:30:47] [ INFO ] [PacienteIDaoH2:26] Se inicio un pedido de incorporacion de paciente
[2022-11-19 18:30:47] [ INFO ] [DomicilioIDaoH2:22] Se inicio un pedido de incorporacion de domicilio
[2022-11-19 18:30:51] [ INFO ] [PacienteIDaoH2:205] Se inicio un pedido de busqueda de paciente
[2022-11-19 18:30:57] [ INFO ] [PacienteIDaoH2:205] Se inicio un pedido de busqueda de paciente
[2022-11-19 18:30:57] [ INFO ] [DomicilioIDaoH2:68] Se inicio un pedido de busqueda de domicilio
[2022-11-20 15:01:52] [ INFO ] [OdontologoIDaoH2:160] Iniciando la busqueda de todos los odontologos
[2022-11-20 15:01:58] [ INFO ] [OdontologoIDaoH2:23] Se inicio un pedido de incorporacion de odontologo
[2022-11-20 15:01:59] [ INFO ] [OdontologoIDaoH2:23] Se inicio un pedido de incorporacion de odontologo
[2022-11-20 15:02:01] [ INFO ] [OdontologoIDaoH2:160] Iniciando la busqueda de todos los odontologos
[2022-11-20 15:04:58] [ INFO ] [OdontologoIDaoH2:160] Iniciando la busqueda de todos los odontologos
[2022-11-20 15:06:59] [ INFO ] [OdontologoIDaoH2:160] Iniciando la busqueda de todos los odontologos
[2022-11-20 15:21:02] [ INFO ] [OdontologoIDaoH2:23] Se inicio un pedido de incorporacion de odontologo
[2022-11-20 15:21:03] [ INFO ] [OdontologoIDaoH2:23] Se inicio un pedido de incorporacion de odontologo
[2022-11-20 15:21:05] [ INFO ] [OdontologoIDaoH2:160] Iniciando la busqueda de todos los odontologos
[2022-11-20 15:21:12] [ INFO ] [OdontologoIDaoH2:160] Iniciando la busqueda de todos los odontologos
[2022-11-20 15:23:02] [ INFO ] [OdontologoIDaoH2:160] Iniciando la busqueda de todos los odontologos
[2022-11-20 15:23:33] [ INFO ] [OdontologoIDaoH2:160] Iniciando la busqueda de todos los odontologos
[2022-11-20 15:23:38] [ INFO ] [OdontologoIDaoH2:160] Iniciando la busqueda de todos los odontologos
[2022-11-20 15:25:42] [ INFO ] [OdontologoIDaoH2:160] Iniciando la busqueda de todos los odontologos
[2022-11-20 15:27:15] [ INFO ] [OdontologoIDaoH2:160] Iniciando la busqueda de todos los odontologos
[2022-11-20 15:27:21] [ INFO ] [OdontologoIDaoH2:160] Iniciando la busqueda de todos los odontologos
[2022-11-20 15:27:40] [ INFO ] [OdontologoIDaoH2:160] Iniciando la busqueda de todos los odontologos
[2022-11-20 15:28:14] [ INFO ] [OdontologoIDaoH2:160] Iniciando la busqueda de todos los odontologos
[2022-11-20 15:28:23] [ INFO ] [OdontologoIDaoH2:160] Iniciando la busqueda de todos los odontologos
[2022-11-20 15:28:24] [ INFO ] [OdontologoIDaoH2:160] Iniciando la busqueda de todos los odontologos
[2022-11-20 15:30:36] [ INFO ] [OdontologoIDaoH2:160] Iniciando la busqueda de todos los odontologos
[2022-11-20 15:32:09] [ INFO ] [OdontologoIDaoH2:160] Iniciando la busqueda de todos los odontologos
[2022-11-20 15:32:27] [ INFO ] [OdontologoIDaoH2:160] Iniciando la busqueda de todos los odontologos
[2022-11-20 15:32:54] [ INFO ] [OdontologoIDaoH2:160] Iniciando la busqueda de todos los odontologos
[2022-11-20 15:33:04] [ INFO ] [OdontologoIDaoH2:160] Iniciando la busqueda de todos los odontologos
[2022-11-20 15:33:26] [ INFO ] [OdontologoIDaoH2:160] Iniciando la busqueda de todos los odontologos
[2022-11-20 15:33:42] [ INFO ] [OdontologoIDaoH2:160] Iniciando la busqueda de todos los odontologos
[2022-11-20 15:33:51] [ INFO ] [OdontologoIDaoH2:160] Iniciando la busqueda de todos los odontologos
[2022-11-20 15:34:36] [ INFO ] [OdontologoIDaoH2:160] Iniciando la busqueda de todos los odontologos
[2022-11-20 15:34:38] [ INFO ] [OdontologoIDaoH2:160] Iniciando la busqueda de todos los odontologos
[2022-11-20 15:34:39] [ INFO ] [OdontologoIDaoH2:160] Iniciando la busqueda de todos los odontologos
[2022-11-20 15:34:40] [ INFO ] [OdontologoIDaoH2:160] Iniciando la busqueda de todos los odontologos
[2022-11-20 15:34:52] [ INFO ] [OdontologoIDaoH2:160] Iniciando la busqueda de todos los odontologos
[2022-11-20 15:35:32] [ INFO ] [OdontologoIDaoH2:160] Iniciando la busqueda de todos los odontologos
[2022-11-20 15:36:31] [ INFO ] [OdontologoIDaoH2:160] Iniciando la busqueda de todos los odontologos
[2022-11-20 15:37:23] [ INFO ] [OdontologoIDaoH2:160] Iniciando la busqueda de todos los odontologos
[2022-11-20 15:37:50] [ INFO ] [OdontologoIDaoH2:160] Iniciando la busqueda de todos los odontologos
[2022-11-20 15:38:20] [ INFO ] [OdontologoIDaoH2:160] Iniciando la busqueda de todos los odontologos
[2022-11-20 15:38:20] [ INFO ] [PacienteIDaoH2:173] Iniciando la busqueda de todos los pacientes
[2022-11-20 15:38:52] [ INFO ] [OdontologoIDaoH2:23] Se inicio un pedido de incorporacion de odontologo
[2022-11-20 15:38:58] [ INFO ] [OdontologoIDaoH2:23] Se inicio un pedido de incorporacion de odontologo
[2022-11-20 15:39:04] [ INFO ] [PacienteIDaoH2:26] Se inicio un pedido de incorporacion de paciente
[2022-11-20 15:39:04] [ INFO ] [DomicilioIDaoH2:22] Se inicio un pedido de incorporacion de domicilio
[2022-11-20 15:39:05] [ INFO ] [PacienteIDaoH2:26] Se inicio un pedido de incorporacion de paciente
[2022-11-20 15:39:05] [ INFO ] [DomicilioIDaoH2:22] Se inicio un pedido de incorporacion de domicilio
[2022-11-20 15:39:15] [ INFO ] [PacienteIDaoH2:173] Iniciando la busqueda de todos los pacientes
[2022-11-20 15:39:15] [ INFO ] [OdontologoIDaoH2:160] Iniciando la busqueda de todos los odontologos
[2022-11-20 15:39:15] [ INFO ] [DomicilioIDaoH2:68] Se inicio un pedido de busqueda de domicilio
[2022-11-20 15:39:15] [ INFO ] [DomicilioIDaoH2:68] Se inicio un pedido de busqueda de domicilio
[2022-11-20 15:40:49] [ INFO ] [OdontologoIDaoH2:160] Iniciando la busqueda de todos los odontologos
[2022-11-20 15:40:49] [ INFO ] [PacienteIDaoH2:173] Iniciando la busqueda de todos los pacientes
[2022-11-20 15:41:37] [ INFO ] [PacienteIDaoH2:173] Iniciando la busqueda de todos los pacientes
[2022-11-20 15:41:37] [ INFO ] [OdontologoIDaoH2:160] Iniciando la busqueda de todos los odontologos
[2022-11-20 15:41:48] [ INFO ] [OdontologoIDaoH2:160] Iniciando la busqueda de todos los odontologos
[2022-11-20 15:41:48] [ INFO ] [PacienteIDaoH2:173] Iniciando la busqueda de todos los pacientes
[2022-11-20 15:41:57] [ INFO ] [OdontologoIDaoH2:23] Se inicio un pedido de incorporacion de odontologo
[2022-11-20 15:41:58] [ INFO ] [OdontologoIDaoH2:23] Se inicio un pedido de incorporacion de odontologo
[2022-11-20 15:42:00] [ INFO ] [PacienteIDaoH2:26] Se inicio un pedido de incorporacion de paciente
[2022-11-20 15:42:00] [ INFO ] [DomicilioIDaoH2:22] Se inicio un pedido de incorporacion de domicilio
[2022-11-20 15:42:01] [ INFO ] [PacienteIDaoH2:26] Se inicio un pedido de incorporacion de paciente
[2022-11-20 15:42:01] [ INFO ] [DomicilioIDaoH2:22] Se inicio un pedido de incorporacion de domicilio
[2022-11-20 15:42:09] [ INFO ] [OdontologoIDaoH2:160] Iniciando la busqueda de todos los odontologos
[2022-11-20 15:42:09] [ INFO ] [PacienteIDaoH2:173] Iniciando la busqueda de todos los pacientes
[2022-11-20 15:42:09] [ INFO ] [DomicilioIDaoH2:68] Se inicio un pedido de busqueda de domicilio
[2022-11-20 15:42:09] [ INFO ] [DomicilioIDaoH2:68] Se inicio un pedido de busqueda de domicilio
[2022-11-20 15:46:54] [ INFO ] [OdontologoIDaoH2:160] Iniciando la busqueda de todos los odontologos
[2022-11-20 15:46:54] [ INFO ] [PacienteIDaoH2:173] Iniciando la busqueda de todos los pacientes
[2022-11-20 15:46:54] [ INFO ] [DomicilioIDaoH2:68] Se inicio un pedido de busqueda de domicilio
[2022-11-20 15:46:54] [ INFO ] [DomicilioIDaoH2:68] Se inicio un pedido de busqueda de domicilio
[2022-11-20 15:47:09] [ INFO ] [OdontologoIDaoH2:160] Iniciando la busqueda de todos los odontologos
[2022-11-20 15:47:09] [ INFO ] [PacienteIDaoH2:173] Iniciando la busqueda de todos los pacientes
[2022-11-20 15:47:09] [ INFO ] [DomicilioIDaoH2:68] Se inicio un pedido de busqueda de domicilio
[2022-11-20 15:47:09] [ INFO ] [DomicilioIDaoH2:68] Se inicio un pedido de busqueda de domicilio
[2022-11-20 15:47:36] [ INFO ] [PacienteIDaoH2:173] Iniciando la busqueda de todos los pacientes
[2022-11-20 15:47:36] [ INFO ] [OdontologoIDaoH2:160] Iniciando la busqueda de todos los odontologos
[2022-11-20 15:47:36] [ INFO ] [DomicilioIDaoH2:68] Se inicio un pedido de busqueda de domicilio
[2022-11-20 15:47:36] [ INFO ] [DomicilioIDaoH2:68] Se inicio un pedido de busqueda de domicilio
[2022-11-20 15:47:40] [ INFO ] [OdontologoIDaoH2:160] Iniciando la busqueda de todos los odontologos
[2022-11-20 15:47:40] [ INFO ] [PacienteIDaoH2:173] Iniciando la busqueda de todos los pacientes
[2022-11-20 15:47:40] [ INFO ] [DomicilioIDaoH2:68] Se inicio un pedido de busqueda de domicilio
[2022-11-20 15:47:40] [ INFO ] [DomicilioIDaoH2:68] Se inicio un pedido de busqueda de domicilio
[2022-11-21 08:18:03] [ INFO ] [OdontologoIDaoH2:160] Iniciando la busqueda de todos los odontologos
[2022-11-21 08:18:21] [ INFO ] [OdontologoIDaoH2:23] Se inicio un pedido de incorporacion de odontologo
[2022-11-21 08:18:22] [ INFO ] [OdontologoIDaoH2:23] Se inicio un pedido de incorporacion de odontologo
[2022-11-21 08:18:24] [ INFO ] [OdontologoIDaoH2:23] Se inicio un pedido de incorporacion de odontologo
[2022-11-21 08:18:26] [ INFO ] [OdontologoIDaoH2:160] Iniciando la busqueda de todos los odontologos
[2022-11-21 08:18:42] [ INFO ] [OdontologoIDaoH2:160] Iniciando la busqueda de todos los odontologos
[2022-11-21 08:19:29] [ INFO ] [OdontologoIDaoH2:23] Se inicio un pedido de incorporacion de odontologo
[2022-11-21 08:19:30] [ INFO ] [OdontologoIDaoH2:23] Se inicio un pedido de incorporacion de odontologo
[2022-11-21 08:19:30] [ INFO ] [OdontologoIDaoH2:23] Se inicio un pedido de incorporacion de odontologo
[2022-11-21 08:19:31] [ INFO ] [OdontologoIDaoH2:23] Se inicio un pedido de incorporacion de odontologo
[2022-11-21 08:19:32] [ INFO ] [OdontologoIDaoH2:23] Se inicio un pedido de incorporacion de odontologo
[2022-11-21 08:19:32] [ INFO ] [OdontologoIDaoH2:23] Se inicio un pedido de incorporacion de odontologo
[2022-11-21 08:19:33] [ INFO ] [OdontologoIDaoH2:23] Se inicio un pedido de incorporacion de odontologo
[2022-11-21 08:19:35] [ INFO ] [OdontologoIDaoH2:160] Iniciando la busqueda de todos los odontologos
[2022-11-21 08:31:23] [ INFO ] [OdontologoIDaoH2:160] Iniciando la busqueda de todos los odontologos
[2022-11-21 08:32:16] [ INFO ] [OdontologoIDaoH2:160] Iniciando la busqueda de todos los odontologos
[2022-11-21 08:38:26] [ INFO ] [OdontologoIDaoH2:160] Iniciando la busqueda de todos los odontologos
[2022-11-21 08:48:47] [ INFO ] [OdontologoIDaoH2:160] Iniciando la busqueda de todos los odontologos
[2022-11-21 08:56:36] [ INFO ] [OdontologoIDaoH2:160] Iniciando la busqueda de todos los odontologos
[2022-11-21 08:57:37] [ INFO ] [OdontologoIDaoH2:160] Iniciando la busqueda de todos los odontologos
[2022-11-21 08:58:43] [ INFO ] [OdontologoIDaoH2:160] Iniciando la busqueda de todos los odontologos
[2022-11-21 09:02:42] [ INFO ] [OdontologoIDaoH2:160] Iniciando la busqueda de todos los odontologos
[2022-11-21 09:02:49] [ INFO ] [OdontologoIDaoH2:160] Iniciando la busqueda de todos los odontologos
[2022-11-21 09:02:51] [ INFO ] [OdontologoIDaoH2:160] Iniciando la busqueda de todos los odontologos
[2022-11-21 09:03:01] [ INFO ] [OdontologoIDaoH2:160] Iniciando la busqueda de todos los odontologos
[2022-11-21 09:03:45] [ INFO ] [OdontologoIDaoH2:160] Iniciando la busqueda de todos los odontologos
[2022-11-21 09:06:11] [ INFO ] [OdontologoIDaoH2:160] Iniciando la busqueda de todos los odontologos
[2022-11-21 09:06:25] [ INFO ] [OdontologoIDaoH2:160] Iniciando la busqueda de todos los odontologos
[2022-11-21 09:06:25] [ INFO ] [PacienteIDaoH2:173] Iniciando la busqueda de todos los pacientes
[2022-11-21 09:06:51] [ INFO ] [OdontologoIDaoH2:160] Iniciando la busqueda de todos los odontologos
[2022-11-21 09:06:51] [ INFO ] [PacienteIDaoH2:173] Iniciando la busqueda de todos los pacientes
[2022-11-21 09:07:13] [ INFO ] [OdontologoIDaoH2:160] Iniciando la busqueda de todos los odontologos
[2022-11-21 09:07:13] [ INFO ] [PacienteIDaoH2:173] Iniciando la busqueda de todos los pacientes
[2022-11-21 09:07:47] [ INFO ] [OdontologoIDaoH2:160] Iniciando la busqueda de todos los odontologos
[2022-11-21 09:11:20] [ INFO ] [OdontologoIDaoH2:160] Iniciando la busqueda de todos los odontologos
[2022-11-21 09:11:29] [ INFO ] [OdontologoIDaoH2:160] Iniciando la busqueda de todos los odontologos
[2022-11-21 09:11:30] [ INFO ] [OdontologoIDaoH2:160] Iniciando la busqueda de todos los odontologos
[2022-12-12 12:39:05] [ INFO ] [PacienteController:81] Se inicio una peticion para listar todos los pacientes
[2022-12-12 12:39:05] [ INFO ] [TurnoController:78] Se inicio una peticion para listar todos los turnos
[2022-12-12 12:39:05] [ INFO ] [OdontologoController:72] Se inicio una peticion para listar todos los odontologos
[2022-12-12 12:39:18] [ INFO ] [OdontologoController:72] Se inicio una peticion para listar todos los odontologos
[2022-12-12 12:39:24] [ INFO ] [OdontologoController:27] Se inicio una peticion para agregar un odontologo
[2022-12-12 12:39:25] [ INFO ] [OdontologoController:72] Se inicio una peticion para listar todos los odontologos
[2022-12-12 12:39:27] [ INFO ] [PacienteController:81] Se inicio una peticion para listar todos los pacientes
[2022-12-12 12:39:41] [ INFO ] [PacienteController:26] Se inicio una peticion para agregar un paciente
[2022-12-12 12:39:42] [ INFO ] [PacienteController:81] Se inicio una peticion para listar todos los pacientes
[2022-12-12 12:39:48] [ INFO ] [TurnoController:78] Se inicio una peticion para listar todos los turnos
[2022-12-12 12:40:03] [ INFO ] [TurnoController:32] Se inicio una peticion para agregar un turno
[2022-12-12 12:40:03] [ INFO ] [TurnoController:78] Se inicio una peticion para listar todos los turnos
[2022-12-12 12:40:03] [ INFO ] [OdontologoController:34] Se inicio una peticion de busqueda de un odontologo
[2022-12-12 12:40:03] [ INFO ] [PacienteController:32] Se inicio una peticion de busqueda de un paciente
[2022-12-12 12:40:05] [ INFO ] [OdontologoController:72] Se inicio una peticion para listar todos los odontologos
[2022-12-12 12:40:05] [ INFO ] [PacienteController:81] Se inicio una peticion para listar todos los pacientes
[2022-12-12 12:40:05] [ INFO ] [TurnoController:78] Se inicio una peticion para listar todos los turnos
[2022-12-12 12:40:05] [ INFO ] [OdontologoController:34] Se inicio una peticion de busqueda de un odontologo
[2022-12-12 12:40:05] [ INFO ] [PacienteController:32] Se inicio una peticion de busqueda de un paciente
[2022-12-12 12:40:10] [ INFO ] [OdontologoController:72] Se inicio una peticion para listar todos los odontologos
[2022-12-12 12:40:24] [ INFO ] [OdontologoController:27] Se inicio una peticion para agregar un odontologo
[2022-12-12 12:40:24] [ INFO ] [OdontologoController:72] Se inicio una peticion para listar todos los odontologos
[2022-12-12 12:40:33] [ INFO ] [OdontologoController:79] Se inicio una peticion de busqueda de un odontologo
[2022-12-12 12:40:37] [ INFO ] [PacienteController:81] Se inicio una peticion para listar todos los pacientes
[2022-12-12 12:40:41] [ INFO ] [PacienteController:44] Se inicio una peticion de busqueda de un paciente
[2022-12-12 12:41:05] [ INFO ] [PacienteController:81] Se inicio una peticion para listar todos los pacientes
[2022-12-12 12:41:24] [ INFO ] [PacienteController:68] Se inicio una peticion para borrar un paciente
[2022-12-12 12:41:25] [ INFO ] [PacienteController:81] Se inicio una peticion para listar todos los pacientes
[2022-12-12 12:41:28] [ INFO ] [PacienteController:68] Se inicio una peticion para borrar un paciente
[2022-12-12 12:41:28] [ INFO ] [PacienteController:81] Se inicio una peticion para listar todos los pacientes
[2022-12-12 12:41:31] [ INFO ] [PacienteController:68] Se inicio una peticion para borrar un paciente
[2022-12-12 12:41:31] [ INFO ] [PacienteController:81] Se inicio una peticion para listar todos los pacientes
[2022-12-12 12:41:32] [ INFO ] [PacienteController:68] Se inicio una peticion para borrar un paciente
[2022-12-12 12:41:33] [ INFO ] [PacienteController:81] Se inicio una peticion para listar todos los pacientes
[2022-12-12 12:41:34] [ INFO ] [OdontologoController:72] Se inicio una peticion para listar todos los odontologos
[2022-12-12 12:41:34] [ INFO ] [PacienteController:81] Se inicio una peticion para listar todos los pacientes
[2022-12-12 12:41:34] [ INFO ] [OdontologoController:72] Se inicio una peticion para listar todos los odontologos
[2022-12-12 12:41:35] [ INFO ] [TurnoController:78] Se inicio una peticion para listar todos los turnos
[2022-12-12 12:41:35] [ INFO ] [OdontologoController:34] Se inicio una peticion de busqueda de un odontologo
[2022-12-12 12:41:35] [ INFO ] [PacienteController:32] Se inicio una peticion de busqueda de un paciente
[2022-12-12 12:41:36] [ INFO ] [TurnoController:78] Se inicio una peticion para listar todos los turnos
[2022-12-12 12:41:36] [ INFO ] [OdontologoController:34] Se inicio una peticion de busqueda de un odontologo
[2022-12-12 12:41:36] [ INFO ] [PacienteController:32] Se inicio una peticion de busqueda de un paciente
[2022-12-12 12:41:37] [ INFO ] [TurnoController:65] Se inicio una peticion para borrar un turno
[2022-12-12 12:41:37] [ INFO ] [TurnoController:78] Se inicio una peticion para listar todos los turnos
[2022-12-12 12:41:39] [ INFO ] [OdontologoController:72] Se inicio una peticion para listar todos los odontologos
[2022-12-12 12:41:39] [ INFO ] [PacienteController:81] Se inicio una peticion para listar todos los pacientes
[2022-12-12 12:41:39] [ INFO ] [TurnoController:78] Se inicio una peticion para listar todos los turnos
[2022-12-12 12:41:40] [ INFO ] [OdontologoController:72] Se inicio una peticion para listar todos los odontologos
[2022-12-12 12:41:42] [ INFO ] [OdontologoController:59] Se inicio una peticion para borrar un odontologo
[2022-12-12 12:41:42] [ INFO ] [OdontologoController:72] Se inicio una peticion para listar todos los odontologos
[2022-12-12 12:41:45] [ INFO ] [OdontologoController:72] Se inicio una peticion para listar todos los odontologos
[2022-12-12 12:41:45] [ INFO ] [TurnoController:78] Se inicio una peticion para listar todos los turnos
[2022-12-12 12:41:45] [ INFO ] [PacienteController:81] Se inicio una peticion para listar todos los pacientes
[2022-12-12 12:46:30] [ INFO ] [PacienteController:81] Se inicio una peticion para listar todos los pacientes
[2022-12-12 12:46:30] [ INFO ] [OdontologoController:72] Se inicio una peticion para listar todos los odontologos
[2022-12-12 12:46:30] [ INFO ] [TurnoController:78] Se inicio una peticion para listar todos los turnos
[2022-12-12 12:46:34] [ INFO ] [PacienteController:81] Se inicio una peticion para listar todos los pacientes
[2022-12-12 12:46:42] [ INFO ] [PacienteController:26] Se inicio una peticion para agregar un paciente
[2022-12-12 12:46:43] [ INFO ] [PacienteController:81] Se inicio una peticion para listar todos los pacientes
[2022-12-12 12:46:46] [ INFO ] [PacienteController:68] Se inicio una peticion para borrar un paciente
[2022-12-12 12:46:46] [ INFO ] [PacienteController:81] Se inicio una peticion para listar todos los pacientes
[2022-12-12 12:46:59] [ INFO ] [PacienteController:26] Se inicio una peticion para agregar un paciente
[2022-12-12 12:46:59] [ INFO ] [PacienteController:81] Se inicio una peticion para listar todos los pacientes
[2022-12-12 12:47:00] [ INFO ] [OdontologoController:72] Se inicio una peticion para listar todos los odontologos
[2022-12-12 12:47:05] [ INFO ] [OdontologoController:27] Se inicio una peticion para agregar un odontologo
[2022-12-12 12:47:06] [ INFO ] [OdontologoController:72] Se inicio una peticion para listar todos los odontologos
[2022-12-12 12:47:07] [ INFO ] [TurnoController:78] Se inicio una peticion para listar todos los turnos
[2022-12-12 12:47:14] [ INFO ] [TurnoController:32] Se inicio una peticion para agregar un turno
[2022-12-12 12:47:15] [ INFO ] [TurnoController:78] Se inicio una peticion para listar todos los turnos
[2022-12-12 12:47:21] [ INFO ] [TurnoController:32] Se inicio una peticion para agregar un turno
[2022-12-12 12:47:21] [ INFO ] [TurnoController:78] Se inicio una peticion para listar todos los turnos
[2022-12-12 12:47:28] [ INFO ] [PacienteController:81] Se inicio una peticion para listar todos los pacientes
[2022-12-12 12:47:28] [ INFO ] [OdontologoController:72] Se inicio una peticion para listar todos los odontologos
[2022-12-12 12:47:28] [ INFO ] [TurnoController:78] Se inicio una peticion para listar todos los turnos
[2022-12-12 12:47:30] [ INFO ] [TurnoController:78] Se inicio una peticion para listar todos los turnos
[2022-12-12 12:47:35] [ INFO ] [TurnoController:32] Se inicio una peticion para agregar un turno
[2022-12-12 12:47:36] [ INFO ] [TurnoController:78] Se inicio una peticion para listar todos los turnos
[2022-12-12 12:47:41] [ INFO ] [TurnoController:32] Se inicio una peticion para agregar un turno
[2022-12-12 12:47:41] [ INFO ] [TurnoController:78] Se inicio una peticion para listar todos los turnos
[2022-12-12 12:47:54] [ INFO ] [TurnoController:32] Se inicio una peticion para agregar un turno
[2022-12-12 12:47:57] [ INFO ] [TurnoController:78] Se inicio una peticion para listar todos los turnos
[2022-12-12 12:50:51] [ INFO ] [TurnoController:32] Se inicio una peticion para agregar un turno
[2022-12-12 12:50:54] [ INFO ] [TurnoController:78] Se inicio una peticion para listar todos los turnos
[2022-12-12 12:50:58] [ INFO ] [TurnoController:32] Se inicio una peticion para agregar un turno
[2022-12-12 12:51:01] [ INFO ] [TurnoController:78] Se inicio una peticion para listar todos los turnos
[2022-12-12 12:52:54] [ INFO ] [TurnoController:78] Se inicio una peticion para listar todos los turnos
[2022-12-12 12:53:02] [ INFO ] [OdontologoController:72] Se inicio una peticion para listar todos los odontologos
[2022-12-12 12:53:10] [ INFO ] [OdontologoController:27] Se inicio una peticion para agregar un odontologo
[2022-12-12 12:53:11] [ INFO ] [OdontologoController:72] Se inicio una peticion para listar todos los odontologos
[2022-12-12 12:53:12] [ INFO ] [PacienteController:81] Se inicio una peticion para listar todos los pacientes
[2022-12-12 12:53:19] [ INFO ] [PacienteController:26] Se inicio una peticion para agregar un paciente
[2022-12-12 12:53:19] [ INFO ] [PacienteController:81] Se inicio una peticion para listar todos los pacientes
[2022-12-12 12:53:33] [ INFO ] [TurnoController:78] Se inicio una peticion para listar todos los turnos
[2022-12-12 12:53:39] [ INFO ] [TurnoController:32] Se inicio una peticion para agregar un turno
[2022-12-12 12:53:39] [ INFO ] [TurnoController:78] Se inicio una peticion para listar todos los turnos
[2022-12-12 12:53:39] [ INFO ] [OdontologoController:34] Se inicio una peticion de busqueda de un odontologo
[2022-12-12 12:53:39] [ INFO ] [PacienteController:32] Se inicio una peticion de busqueda de un paciente
[2022-12-12 12:54:04] [ INFO ] [PacienteController:81] Se inicio una peticion para listar todos los pacientes
[2022-12-12 12:54:06] [ INFO ] [PacienteController:44] Se inicio una peticion de busqueda de un paciente
[2022-12-12 12:54:06] [ ERROR] [PacienteController:51] No se encontro un paciente
[2022-12-12 12:54:15] [ INFO ] [TurnoController:78] Se inicio una peticion para listar todos los turnos
[2022-12-12 12:54:15] [ INFO ] [OdontologoController:34] Se inicio una peticion de busqueda de un odontologo
[2022-12-12 12:54:15] [ INFO ] [PacienteController:32] Se inicio una peticion de busqueda de un paciente
[2022-12-12 12:54:17] [ INFO ] [TurnoController:41] Se inicio una peticion de busqueda de un turno
[2022-12-12 12:54:27] [ INFO ] [TurnoController:41] Se inicio una peticion de busqueda de un turno
[2022-12-12 12:57:20] [ INFO ] [OdontologoController:72] Se inicio una peticion para listar todos los odontologos
[2022-12-12 12:57:26] [ INFO ] [OdontologoController:79] Se inicio una peticion de busqueda de un odontologo
[2022-12-12 12:57:29] [ INFO ] [PacienteController:81] Se inicio una peticion para listar todos los pacientes
[2022-12-12 12:57:34] [ INFO ] [PacienteController:44] Se inicio una peticion de busqueda de un paciente
[2022-12-12 12:59:23] [ INFO ] [OdontologoController:72] Se inicio una peticion para listar todos los odontologos
[2022-12-12 12:59:23] [ INFO ] [PacienteController:81] Se inicio una peticion para listar todos los pacientes
[2022-12-12 12:59:23] [ INFO ] [TurnoController:78] Se inicio una peticion para listar todos los turnos
[2022-12-12 12:59:26] [ INFO ] [PacienteController:81] Se inicio una peticion para listar todos los pacientes
[2022-12-12 12:59:34] [ INFO ] [PacienteController:26] Se inicio una peticion para agregar un paciente
[2022-12-12 12:59:34] [ INFO ] [PacienteController:81] Se inicio una peticion para listar todos los pacientes
[2022-12-12 12:59:37] [ INFO ] [PacienteController:44] Se inicio una peticion de busqueda de un paciente
[2022-12-12 13:01:10] [ INFO ] [PacienteController:81] Se inicio una peticion para listar todos los pacientes
[2022-12-12 13:01:10] [ INFO ] [TurnoController:78] Se inicio una peticion para listar todos los turnos
[2022-12-12 13:01:10] [ INFO ] [OdontologoController:72] Se inicio una peticion para listar todos los odontologos
[2022-12-12 13:01:14] [ INFO ] [PacienteController:81] Se inicio una peticion para listar todos los pacientes
[2022-12-12 13:01:21] [ INFO ] [PacienteController:26] Se inicio una peticion para agregar un paciente
[2022-12-12 13:01:22] [ INFO ] [PacienteController:81] Se inicio una peticion para listar todos los pacientes
[2022-12-12 13:01:23] [ INFO ] [PacienteController:44] Se inicio una peticion de busqueda de un paciente
[2022-12-12 13:02:25] [ INFO ] [PacienteController:81] Se inicio una peticion para listar todos los pacientes
[2022-12-12 13:02:25] [ INFO ] [OdontologoController:72] Se inicio una peticion para listar todos los odontologos
[2022-12-12 13:02:25] [ INFO ] [TurnoController:78] Se inicio una peticion para listar todos los turnos
[2022-12-12 13:05:15] [ INFO ] [OdontologoController:72] Se inicio una peticion para listar todos los odontologos
[2022-12-12 13:05:19] [ INFO ] [OdontologoController:27] Se inicio una peticion para agregar un odontologo
[2022-12-12 13:05:20] [ INFO ] [OdontologoController:72] Se inicio una peticion para listar todos los odontologos
[2022-12-12 13:05:21] [ INFO ] [PacienteController:81] Se inicio una peticion para listar todos los pacientes
[2022-12-12 13:05:28] [ INFO ] [PacienteController:26] Se inicio una peticion para agregar un paciente
[2022-12-12 13:05:29] [ INFO ] [PacienteController:81] Se inicio una peticion para listar todos los pacientes
[2022-12-12 13:05:31] [ INFO ] [TurnoController:78] Se inicio una peticion para listar todos los turnos
[2022-12-12 13:05:35] [ INFO ] [TurnoController:32] Se inicio una peticion para agregar un turno
[2022-12-12 13:05:35] [ INFO ] [TurnoController:78] Se inicio una peticion para listar todos los turnos
[2022-12-12 13:05:36] [ INFO ] [OdontologoController:34] Se inicio una peticion de busqueda de un odontologo
[2022-12-12 13:05:36] [ INFO ] [PacienteController:32] Se inicio una peticion de busqueda de un paciente
[2022-12-12 13:05:38] [ INFO ] [PacienteController:81] Se inicio una peticion para listar todos los pacientes
[2022-12-12 13:05:38] [ INFO ] [OdontologoController:72] Se inicio una peticion para listar todos los odontologos
[2022-12-12 13:05:38] [ INFO ] [TurnoController:78] Se inicio una peticion para listar todos los turnos
[2022-12-12 13:05:38] [ INFO ] [OdontologoController:34] Se inicio una peticion de busqueda de un odontologo
[2022-12-12 13:05:38] [ INFO ] [PacienteController:32] Se inicio una peticion de busqueda de un paciente
[2022-12-12 13:05:42] [ INFO ] [OdontologoController:72] Se inicio una peticion para listar todos los odontologos
[2022-12-12 13:05:49] [ INFO ] [OdontologoController:79] Se inicio una peticion de busqueda de un odontologo
[2022-12-12 13:05:52] [ INFO ] [PacienteController:81] Se inicio una peticion para listar todos los pacientes
[2022-12-12 13:05:54] [ INFO ] [PacienteController:44] Se inicio una peticion de busqueda de un paciente
[2022-12-12 13:06:16] [ INFO ] [TurnoController:78] Se inicio una peticion para listar todos los turnos
[2022-12-12 13:06:16] [ INFO ] [OdontologoController:34] Se inicio una peticion de busqueda de un odontologo
[2022-12-12 13:06:16] [ INFO ] [PacienteController:32] Se inicio una peticion de busqueda de un paciente
[2022-12-12 13:06:18] [ INFO ] [TurnoController:41] Se inicio una peticion de busqueda de un turno
[2022-12-12 13:06:18] [ INFO ] [OdontologoController:34] Se inicio una peticion de busqueda de un odontologo
[2022-12-12 13:06:18] [ INFO ] [PacienteController:32] Se inicio una peticion de busqueda de un paciente
[2022-12-12 13:09:33] [ INFO ] [PacienteController:81] Se inicio una peticion para listar todos los pacientes
[2022-12-12 13:09:33] [ INFO ] [OdontologoController:72] Se inicio una peticion para listar todos los odontologos
[2022-12-12 13:09:33] [ INFO ] [TurnoController:78] Se inicio una peticion para listar todos los turnos
[2022-12-12 13:09:37] [ INFO ] [OdontologoController:72] Se inicio una peticion para listar todos los odontologos
[2022-12-12 13:09:39] [ INFO ] [OdontologoController:72] Se inicio una peticion para listar todos los odontologos
[2022-12-12 13:09:39] [ INFO ] [PacienteController:81] Se inicio una peticion para listar todos los pacientes
[2022-12-12 13:09:39] [ INFO ] [TurnoController:78] Se inicio una peticion para listar todos los turnos
[2022-12-12 13:09:54] [ INFO ] [OdontologoController:72] Se inicio una peticion para listar todos los odontologos
[2022-12-12 13:09:54] [ INFO ] [PacienteController:81] Se inicio una peticion para listar todos los pacientes
[2022-12-12 13:09:54] [ INFO ] [TurnoController:78] Se inicio una peticion para listar todos los turnos
[2022-12-12 13:09:56] [ INFO ] [OdontologoController:72] Se inicio una peticion para listar todos los odontologos
[2022-12-12 13:09:57] [ INFO ] [PacienteController:81] Se inicio una peticion para listar todos los pacientes
[2022-12-12 13:09:57] [ INFO ] [TurnoController:78] Se inicio una peticion para listar todos los turnos
[2022-12-12 13:09:58] [ INFO ] [OdontologoController:72] Se inicio una peticion para listar todos los odontologos
[2022-12-12 13:10:04] [ INFO ] [OdontologoController:27] Se inicio una peticion para agregar un odontologo
[2022-12-12 13:10:04] [ INFO ] [OdontologoController:72] Se inicio una peticion para listar todos los odontologos
[2022-12-12 13:10:05] [ INFO ] [PacienteController:81] Se inicio una peticion para listar todos los pacientes
[2022-12-12 13:10:12] [ INFO ] [PacienteController:26] Se inicio una peticion para agregar un paciente
[2022-12-12 13:10:13] [ INFO ] [PacienteController:81] Se inicio una peticion para listar todos los pacientes
[2022-12-12 13:10:14] [ INFO ] [TurnoController:78] Se inicio una peticion para listar todos los turnos
[2022-12-12 13:10:18] [ INFO ] [TurnoController:32] Se inicio una peticion para agregar un turno
[2022-12-12 13:10:19] [ INFO ] [TurnoController:78] Se inicio una peticion para listar todos los turnos
[2022-12-12 13:10:19] [ INFO ] [OdontologoController:34] Se inicio una peticion de busqueda de un odontologo
[2022-12-12 13:10:19] [ INFO ] [PacienteController:32] Se inicio una peticion de busqueda de un paciente
[2022-12-12 13:10:22] [ INFO ] [OdontologoController:72] Se inicio una peticion para listar todos los odontologos
[2022-12-12 13:10:22] [ INFO ] [TurnoController:78] Se inicio una peticion para listar todos los turnos
[2022-12-12 13:10:22] [ INFO ] [PacienteController:81] Se inicio una peticion para listar todos los pacientes
[2022-12-12 13:10:22] [ INFO ] [OdontologoController:34] Se inicio una peticion de busqueda de un odontologo
[2022-12-12 13:10:22] [ INFO ] [PacienteController:32] Se inicio una peticion de busqueda de un paciente
[2022-12-12 13:10:29] [ INFO ] [OdontologoController:72] Se inicio una peticion para listar todos los odontologos
[2022-12-12 13:10:29] [ INFO ] [TurnoController:78] Se inicio una peticion para listar todos los turnos
[2022-12-12 13:10:29] [ INFO ] [PacienteController:81] Se inicio una peticion para listar todos los pacientes
[2022-12-12 13:10:47] [ INFO ] [OdontologoController:72] Se inicio una peticion para listar todos los odontologos
[2022-12-12 13:10:49] [ INFO ] [OdontologoController:72] Se inicio una peticion para listar todos los odontologos
[2022-12-12 13:10:49] [ INFO ] [TurnoController:78] Se inicio una peticion para listar todos los turnos
[2022-12-12 13:10:49] [ INFO ] [PacienteController:81] Se inicio una peticion para listar todos los pacientes
[2022-12-12 13:10:50] [ INFO ] [OdontologoController:72] Se inicio una peticion para listar todos los odontologos
[2022-12-12 13:11:05] [ INFO ] [TurnoController:78] Se inicio una peticion para listar todos los turnos
[2022-12-12 13:11:05] [ INFO ] [OdontologoController:72] Se inicio una peticion para listar todos los odontologos
[2022-12-12 13:11:05] [ INFO ] [PacienteController:81] Se inicio una peticion para listar todos los pacientes
[2022-12-12 13:13:45] [ INFO ] [TurnoController:78] Se inicio una peticion para listar todos los turnos
[2022-12-12 13:13:45] [ INFO ] [OdontologoController:72] Se inicio una peticion para listar todos los odontologos
[2022-12-12 13:13:45] [ INFO ] [PacienteController:81] Se inicio una peticion para listar todos los pacientes
[2022-12-12 13:13:48] [ INFO ] [OdontologoController:72] Se inicio una peticion para listar todos los odontologos
[2022-12-12 13:13:53] [ INFO ] [OdontologoController:27] Se inicio una peticion para agregar un odontologo
[2022-12-12 13:13:54] [ INFO ] [OdontologoController:72] Se inicio una peticion para listar todos los odontologos
[2022-12-12 13:13:55] [ INFO ] [PacienteController:81] Se inicio una peticion para listar todos los pacientes
[2022-12-12 13:14:02] [ INFO ] [PacienteController:26] Se inicio una peticion para agregar un paciente
[2022-12-12 13:14:03] [ INFO ] [PacienteController:81] Se inicio una peticion para listar todos los pacientes
[2022-12-12 13:14:04] [ INFO ] [TurnoController:78] Se inicio una peticion para listar todos los turnos
[2022-12-12 13:14:07] [ INFO ] [TurnoController:32] Se inicio una peticion para agregar un turno
[2022-12-12 13:14:07] [ INFO ] [TurnoController:78] Se inicio una peticion para listar todos los turnos
[2022-12-12 13:14:07] [ INFO ] [OdontologoController:34] Se inicio una peticion de busqueda de un odontologo
[2022-12-12 13:14:07] [ INFO ] [PacienteController:32] Se inicio una peticion de busqueda de un paciente
[2022-12-12 13:14:09] [ INFO ] [PacienteController:81] Se inicio una peticion para listar todos los pacientes
[2022-12-12 13:14:09] [ INFO ] [OdontologoController:72] Se inicio una peticion para listar todos los odontologos
[2022-12-12 13:14:09] [ INFO ] [TurnoController:78] Se inicio una peticion para listar todos los turnos
[2022-12-12 13:14:19] [ INFO ] [OdontologoController:72] Se inicio una peticion para listar todos los odontologos
[2022-12-12 13:14:19] [ INFO ] [PacienteController:81] Se inicio una peticion para listar todos los pacientes
[2022-12-12 13:14:19] [ INFO ] [TurnoController:78] Se inicio una peticion para listar todos los turnos
[2022-12-12 13:14:22] [ INFO ] [TurnoController:78] Se inicio una peticion para listar todos los turnos
[2022-12-12 13:14:36] [ INFO ] [OdontologoController:72] Se inicio una peticion para listar todos los odontologos
[2022-12-12 13:14:36] [ INFO ] [PacienteController:81] Se inicio una peticion para listar todos los pacientes
[2022-12-12 13:14:36] [ INFO ] [TurnoController:78] Se inicio una peticion para listar todos los turnos
[2022-12-12 13:18:05] [ INFO ] [OdontologoController:72] Se inicio una peticion para listar todos los odontologos
[2022-12-12 13:18:05] [ INFO ] [PacienteController:81] Se inicio una peticion para listar todos los pacientes
[2022-12-12 13:18:05] [ INFO ] [TurnoController:78] Se inicio una peticion para listar todos los turnos
[2022-12-12 13:18:08] [ INFO ] [OdontologoController:72] Se inicio una peticion para listar todos los odontologos
[2022-12-12 13:18:12] [ INFO ] [PacienteController:81] Se inicio una peticion para listar todos los pacientes
[2022-12-12 20:37:31] [ INFO ] [OdontologoController:72] Se inicio una peticion para listar todos los odontologos
[2022-12-12 20:37:31] [ INFO ] [PacienteController:81] Se inicio una peticion para listar todos los pacientes
[2022-12-12 20:37:31] [ INFO ] [TurnoController:78] Se inicio una peticion para listar todos los turnos
[2022-12-12 20:37:35] [ INFO ] [OdontologoController:72] Se inicio una peticion para listar todos los odontologos
[2022-12-12 20:37:39] [ INFO ] [OdontologoController:27] Se inicio una peticion para agregar un odontologo
[2022-12-12 20:37:39] [ INFO ] [OdontologoController:72] Se inicio una peticion para listar todos los odontologos
[2022-12-12 20:37:40] [ INFO ] [PacienteController:81] Se inicio una peticion para listar todos los pacientes
[2022-12-12 20:37:51] [ INFO ] [PacienteController:26] Se inicio una peticion para agregar un paciente
[2022-12-12 20:37:51] [ INFO ] [PacienteController:81] Se inicio una peticion para listar todos los pacientes
[2022-12-12 20:37:52] [ INFO ] [TurnoController:78] Se inicio una peticion para listar todos los turnos
[2022-12-12 20:37:56] [ INFO ] [TurnoController:32] Se inicio una peticion para agregar un turno
[2022-12-12 20:37:56] [ INFO ] [TurnoController:78] Se inicio una peticion para listar todos los turnos
[2022-12-12 20:37:56] [ INFO ] [OdontologoController:34] Se inicio una peticion de busqueda de un odontologo
[2022-12-12 20:37:56] [ INFO ] [PacienteController:32] Se inicio una peticion de busqueda de un paciente
[2022-12-12 20:38:02] [ INFO ] [TurnoController:41] Se inicio una peticion de busqueda de un turno
[2022-12-12 20:38:02] [ INFO ] [OdontologoController:34] Se inicio una peticion de busqueda de un odontologo
[2022-12-12 20:38:02] [ INFO ] [PacienteController:32] Se inicio una peticion de busqueda de un paciente
[2022-12-12 20:38:08] [ INFO ] [PacienteController:81] Se inicio una peticion para listar todos los pacientes
[2022-12-12 20:38:08] [ INFO ] [OdontologoController:72] Se inicio una peticion para listar todos los odontologos
[2022-12-12 20:38:08] [ INFO ] [TurnoController:78] Se inicio una peticion para listar todos los turnos
[2022-12-12 20:50:08] [ INFO ] [TurnoController:78] Se inicio una peticion para listar todos los turnos
[2022-12-12 20:50:08] [ INFO ] [PacienteController:81] Se inicio una peticion para listar todos los pacientes
[2022-12-12 20:50:08] [ INFO ] [OdontologoController:72] Se inicio una peticion para listar todos los odontologos
[2022-12-12 20:50:10] [ INFO ] [OdontologoController:72] Se inicio una peticion para listar todos los odontologos
[2022-12-12 20:50:12] [ INFO ] [OdontologoController:72] Se inicio una peticion para listar todos los odontologos
[2022-12-12 20:50:12] [ INFO ] [TurnoController:78] Se inicio una peticion para listar todos los turnos
[2022-12-12 20:50:12] [ INFO ] [PacienteController:81] Se inicio una peticion para listar todos los pacientes
[2022-12-12 20:50:21] [ INFO ] [OdontologoController:72] Se inicio una peticion para listar todos los odontologos
[2022-12-12 20:50:21] [ INFO ] [PacienteController:81] Se inicio una peticion para listar todos los pacientes
[2022-12-12 20:50:21] [ INFO ] [TurnoController:78] Se inicio una peticion para listar todos los turnos
[2022-12-12 20:50:24] [ INFO ] [OdontologoController:72] Se inicio una peticion para listar todos los odontologos
[2022-12-12 20:50:28] [ INFO ] [OdontologoController:27] Se inicio una peticion para agregar un odontologo
[2022-12-12 20:50:28] [ INFO ] [OdontologoController:72] Se inicio una peticion para listar todos los odontologos
[2022-12-12 20:50:41] [ INFO ] [PacienteController:81] Se inicio una peticion para listar todos los pacientes
[2022-12-12 20:50:59] [ INFO ] [PacienteController:26] Se inicio una peticion para agregar un paciente
[2022-12-12 20:50:59] [ INFO ] [PacienteController:81] Se inicio una peticion para listar todos los pacientes
[2022-12-12 20:51:01] [ INFO ] [TurnoController:78] Se inicio una peticion para listar todos los turnos
[2022-12-12 20:51:12] [ INFO ] [OdontologoController:72] Se inicio una peticion para listar todos los odontologos
[2022-12-12 20:51:12] [ INFO ] [PacienteController:81] Se inicio una peticion para listar todos los pacientes
[2022-12-12 20:51:12] [ INFO ] [TurnoController:78] Se inicio una peticion para listar todos los turnos
[2022-12-12 20:51:13] [ INFO ] [TurnoController:78] Se inicio una peticion para listar todos los turnos
[2022-12-12 20:55:02] [ INFO ] [TurnoController:32] Se inicio una peticion para agregar un turno
[2022-12-12 20:55:03] [ INFO ] [TurnoController:78] Se inicio una peticion para listar todos los turnos
[2022-12-12 20:55:05] [ INFO ] [OdontologoController:72] Se inicio una peticion para listar todos los odontologos
[2022-12-12 20:55:05] [ INFO ] [TurnoController:78] Se inicio una peticion para listar todos los turnos
[2022-12-12 20:55:05] [ INFO ] [PacienteController:81] Se inicio una peticion para listar todos los pacientes
[2022-12-12 20:55:23] [ INFO ] [TurnoController:78] Se inicio una peticion para listar todos los turnos
[2022-12-12 20:55:34] [ INFO ] [OdontologoController:72] Se inicio una peticion para listar todos los odontologos
[2022-12-12 20:55:34] [ INFO ] [PacienteController:81] Se inicio una peticion para listar todos los pacientes
[2022-12-12 20:55:34] [ INFO ] [TurnoController:78] Se inicio una peticion para listar todos los turnos
[2022-12-12 20:57:12] [ INFO ] [OdontologoController:72] Se inicio una peticion para listar todos los odontologos
[2022-12-12 20:57:12] [ INFO ] [PacienteController:81] Se inicio una peticion para listar todos los pacientes
[2022-12-12 20:57:12] [ INFO ] [TurnoController:78] Se inicio una peticion para listar todos los turnos
[2022-12-12 20:57:15] [ INFO ] [TurnoController:78] Se inicio una peticion para listar todos los turnos
[2022-12-12 20:57:15] [ INFO ] [OdontologoController:34] Se inicio una peticion de busqueda de un odontologo
[2022-12-12 20:57:15] [ INFO ] [PacienteController:32] Se inicio una peticion de busqueda de un paciente
[2022-12-12 20:57:18] [ INFO ] [TurnoController:41] Se inicio una peticion de busqueda de un turno
[2022-12-12 20:57:18] [ INFO ] [OdontologoController:34] Se inicio una peticion de busqueda de un odontologo
[2022-12-12 20:57:18] [ INFO ] [PacienteController:32] Se inicio una peticion de busqueda de un paciente
